<?xml version="1.0" encoding="UTF-8"?>
<!-- Generated by org.testng.reporters.JUnitReportReporter -->
<testsuite skipped="0" hostname="VTEKLFKAYMAZ" name="TestCases.TC04SubscriberCancellation" tests="5" failures="0" timestamp="01 Ara 2020 12:35:02 GMT" time="65.822" errors="0">
  <testcase name="Cancel" time="15.299" classname="TestCases.TC04SubscriberCancellation"/>
  <testcase name="Login" time="28.423" classname="TestCases.TC04SubscriberCancellation"/>
  <testcase name="Sair" time="3.609" classname="TestCases.TC04SubscriberCancellation"/>
  <testcase name="Menu" time="7.047" classname="TestCases.TC04SubscriberCancellation"/>
  <testcase name="Search" time="11.444" classname="TestCases.TC04SubscriberCancellation"/>
</testsuite> <!-- TestCases.TC04SubscriberCancellation -->
