<?xml version="1.0" encoding="UTF-8"?>
<!-- Generated by org.testng.reporters.JUnitReportReporter -->
<testsuite skipped="0" hostname="VTEKLFKAYMAZ" name="TestCases.SubscriberCancellation" tests="2" failures="0" timestamp="25 Kas 2020 14:30:34 GMT" time="17.579" errors="0">
  <testcase name="Login" time="12.912" classname="TestCases.SubscriberCancellation"/>
  <testcase name="Menu" time="4.667" classname="TestCases.SubscriberCancellation"/>
</testsuite> <!-- TestCases.SubscriberCancellation -->
