<?xml version="1.0" encoding="UTF-8"?>
<!-- Generated by org.testng.reporters.JUnitReportReporter -->
<testsuite skipped="0" hostname="VTEKLFKAYMAZ" name="Regression.LineActivationTest" tests="3" failures="0" timestamp="14 Kas 2020 10:56:23 GMT" time="167.120" errors="0">
  <testcase name="RTA" time="150.839" classname="Regression.LineActivationTest"/>
  <testcase name="MenuSelection" time="2.916" classname="Regression.LineActivationTest"/>
  <testcase name="LoginStep" time="13.365" classname="Regression.LineActivationTest"/>
</testsuite> <!-- Regression.LineActivationTest -->
