<?xml version="1.0" encoding="UTF-8"?>
<!-- Generated by org.testng.reporters.JUnitReportReporter -->
<testsuite skipped="0" hostname="VTEKLFKAYMAZ" name="TestCases.TC02MNPPortIN" tests="16" failures="0" timestamp="26 Kas 2020 09:44:35 GMT" time="364.993" errors="0">
  <testcase name="PortINRoad" time="152.398" classname="TestCases.TC02MNPPortIN"/>
  <testcase name="FeatureProperty" time="2.815" classname="TestCases.TC02MNPPortIN"/>
  <testcase name="Services" time="7.368" classname="TestCases.TC02MNPPortIN"/>
  <testcase name="MNPActivation" time="25.347" classname="TestCases.TC02MNPPortIN"/>
  <testcase name="UserInfo" time="4.503" classname="TestCases.TC02MNPPortIN"/>
  <testcase name="VekilVasi" time="2.724" classname="TestCases.TC02MNPPortIN"/>
  <testcase name="Activation" time="11.329" classname="TestCases.TC02MNPPortIN"/>
  <testcase name="BillingPeriod" time="11.150" classname="TestCases.TC02MNPPortIN"/>
  <testcase name="CampaignEntry" time="2.765" classname="TestCases.TC02MNPPortIN"/>
  <testcase name="PortINRoad2" time="5.014" classname="TestCases.TC02MNPPortIN"/>
  <testcase name="Payment" time="10.160" classname="TestCases.TC02MNPPortIN"/>
  <testcase name="LoginStep" time="13.278" classname="TestCases.TC02MNPPortIN"/>
  <testcase name="PortINRoad3" time="2.924" classname="TestCases.TC02MNPPortIN"/>
  <testcase name="SimCardSettings" time="82.176" classname="TestCases.TC02MNPPortIN"/>
  <testcase name="Tariff" time="25.933" classname="TestCases.TC02MNPPortIN"/>
  <testcase name="Menu" time="5.109" classname="TestCases.TC02MNPPortIN"/>
</testsuite> <!-- TestCases.TC02MNPPortIN -->
